 *** Warning 51 Severity 1 - CHECK computed GOTO expansion for side-effects    
 ***            detected at line   60 of COVAR4.FOR

 *** Warning 50 Severity 1 - CHECK arithmetic IF expansion for side-effects    
 ***            detected at line  109 of IDGRID.FOR

 *** Warning 50 Severity 1 - CHECK arithmetic IF expansion for side-effects    
 ***            detected at line  111 of IDGRID.FOR

 *** Warning 50 Severity 1 - CHECK arithmetic IF expansion for side-effects    
 ***            detected at line  113 of IDGRID.FOR

 *** Warning 50 Severity 1 - CHECK arithmetic IF expansion for side-effects    
 ***            detected at line  189 of IDGRID.FOR

 *** Warning 50 Severity 1 - CHECK arithmetic IF expansion for side-effects    
 ***            detected at line  191 of IDGRID.FOR

 *** Warning 50 Severity 1 - CHECK arithmetic IF expansion for side-effects    
 ***            detected at line  193 of IDGRID.FOR

 *** Warning 50 Severity 1 - CHECK arithmetic IF expansion for side-effects    
 ***            detected at line  264 of IDGRID.FOR

 *** Warning 50 Severity 1 - CHECK arithmetic IF expansion for side-effects    
 ***            detected at line  266 of IDGRID.FOR

 *** Warning 50 Severity 1 - CHECK arithmetic IF expansion for side-effects    
 ***            detected at line   65 of IINLIST.FOR

 *** Warning 50 Severity 1 - CHECK arithmetic IF expansion for side-effects    
 ***            detected at line   77 of IINSIDE.FOR

 *** Warning 50 Severity 1 - CHECK arithmetic IF expansion for side-effects    
 ***            detected at line   65 of INLIST.FOR

 *** Warning 50 Severity 1 - CHECK arithmetic IF expansion for side-effects    
 ***            detected at line   77 of INSIDE.FOR

 *** Warning 51 Severity 1 - CHECK computed GOTO expansion for side-effects    
 ***            detected at line   99 of LISTAT.FOR

 *** Warning 51 Severity 1 - CHECK computed GOTO expansion for side-effects    
 ***            detected at line  229 of SUB2AT.FOR

 *** Warning 51 Severity 1 - CHECK computed GOTO expansion for side-effects    
 ***            detected at line   42 of UPDATE.FOR

